0 info it worked if it ends with ok
1 verbose cli [ '/usr/bin/nodejs',
1 verbose cli   '/usr/bin/npm',
1 verbose cli   'run',
1 verbose cli   'getpassword',
1 verbose cli   '192.168.0.18' ]
2 info using npm@3.8.6
3 info using node@v5.12.0
4 verbose config Skipping project config: /home/boris/.npmrc. (matches userconfig)
5 verbose stack Error: ENOENT: no such file or directory, open '/home/boris/package.json'
5 verbose stack     at Error (native)
6 verbose cwd /home/boris/jeedom/kroomba
7 error Linux 4.4.0-64-generic
8 error argv "/usr/bin/nodejs" "/usr/bin/npm" "run" "getpassword" "192.168.0.18"
9 error node v5.12.0
10 error npm  v3.8.6
11 error path /home/boris/package.json
12 error code ENOENT
13 error errno -2
14 error syscall open
15 error enoent ENOENT: no such file or directory, open '/home/boris/package.json'
16 error enoent ENOENT: no such file or directory, open '/home/boris/package.json'
16 error enoent This is most likely not a problem with npm itself
16 error enoent and is related to npm not being able to find a file.
17 verbose exit [ -2, true ]
